<?xml version="1.0" encoding="UTF-8"?>
<testng-results ignored="0" total="1" passed="1" failed="0" skipped="0">
  <reporter-output>
  </reporter-output>
  <suite started-at="2022-05-10T14:44:41 IST" name="Default suite" finished-at="2022-05-10T14:44:41 IST" duration-ms="54">
    <groups>
    </groups>
    <test started-at="2022-05-10T14:44:41 IST" name="Default test" finished-at="2022-05-10T14:44:41 IST" duration-ms="54">
      <class name="com.crm.Vtiger.organization.CreateOrganization">
        <test-method signature="createorganizationTest()[pri:0, instance:com.crm.Vtiger.organization.CreateOrganization@2e55dd0c]" started-at="2022-05-10T14:44:41 IST" name="createorganizationTest" finished-at="2022-05-10T14:44:41 IST" duration-ms="10" status="PASS">
          <reporter-output>
          </reporter-output>
        </test-method> <!-- createorganizationTest -->
      </class> <!-- com.crm.Vtiger.organization.CreateOrganization -->
    </test> <!-- Default test -->
  </suite> <!-- Default suite -->
</testng-results>
